srun: Job step aborted: Waiting up to 32 seconds for job step to finish.
slurmstepd: error: *** JOB 6919 ON gpunode3 CANCELLED AT 2021-12-25T15:13:33 ***
slurmstepd: error: *** STEP 6919.0 ON gpunode3 CANCELLED AT 2021-12-25T15:13:33 ***
